
31-Mar-2016 08:54:29.428 SEVERE [main] org.apache.catalina.startup.Catalina.stopServer Could not contact localhost:8005. Tomcat may not be running.
31-Mar-2016 08:54:33.489 INFO [main] org.apache.catalina.startup.VersionLoggerListener.log Server version:        Apache Tomcat/8.0.32
31-Mar-2016 08:54:33.489 INFO [main] org.apache.catalina.startup.VersionLoggerListener.log Server built:          Feb 2 2016 19:34:53 UTC
31-Mar-2016 08:54:33.489 INFO [main] org.apache.catalina.startup.VersionLoggerListener.log Server number:         8.0.32.0
31-Mar-2016 08:54:33.489 INFO [main] org.apache.catalina.startup.VersionLoggerListener.log OS Name:               Windows 10
31-Mar-2016 08:54:33.489 INFO [main] org.apache.catalina.startup.VersionLoggerListener.log OS Version:            10.0
31-Mar-2016 08:54:33.489 INFO [main] org.apache.catalina.startup.VersionLoggerListener.log Architecture:          amd64
31-Mar-2016 08:54:33.489 INFO [main] org.apache.catalina.startup.VersionLoggerListener.log Java Home:             C:\java\jre
31-Mar-2016 08:54:33.489 INFO [main] org.apache.catalina.startup.VersionLoggerListener.log JVM Version:           1.8.0_77-b03
31-Mar-2016 08:54:33.489 INFO [main] org.apache.catalina.startup.VersionLoggerListener.log JVM Vendor:            Oracle Corporation
31-Mar-2016 08:54:33.489 INFO [main] org.apache.catalina.startup.VersionLoggerListener.log CATALINA_BASE:         G:\apache\apache-tomcat-8.0.32
31-Mar-2016 08:54:33.489 INFO [main] org.apache.catalina.startup.VersionLoggerListener.log CATALINA_HOME:         G:\apache\apache-tomcat-8.0.32
31-Mar-2016 08:54:33.489 INFO [main] org.apache.catalina.startup.VersionLoggerListener.log Command line argument: -Djava.util.logging.config.file=G:\apache\apache-tomcat-8.0.32\conf\logging.properties
31-Mar-2016 08:54:33.489 INFO [main] org.apache.catalina.startup.VersionLoggerListener.log Command line argument: -Djava.util.logging.manager=org.apache.juli.ClassLoaderLogManager
31-Mar-2016 08:54:33.489 INFO [main] org.apache.catalina.startup.VersionLoggerListener.log Command line argument: -Djava.endorsed.dirs=G:\apache\apache-tomcat-8.0.32\endorsed
31-Mar-2016 08:54:33.506 INFO [main] org.apache.catalina.startup.VersionLoggerListener.log Command line argument: -Dcatalina.base=G:\apache\apache-tomcat-8.0.32
31-Mar-2016 08:54:33.507 INFO [main] org.apache.catalina.startup.VersionLoggerListener.log Command line argument: -Dcatalina.home=G:\apache\apache-tomcat-8.0.32
31-Mar-2016 08:54:33.508 INFO [main] org.apache.catalina.startup.VersionLoggerListener.log Command line argument: -Djava.io.tmpdir=G:\apache\apache-tomcat-8.0.32\temp
31-Mar-2016 08:54:33.509 INFO [main] org.apache.catalina.core.AprLifecycleListener.lifecycleEvent Loaded APR based Apache Tomcat Native library 1.2.4 using APR version 1.5.1.
31-Mar-2016 08:54:33.510 INFO [main] org.apache.catalina.core.AprLifecycleListener.lifecycleEvent APR capabilities: IPv6 [true], sendfile [true], accept filters [false], random [true].
31-Mar-2016 08:54:34.540 INFO [main] org.apache.catalina.core.AprLifecycleListener.initializeSSL OpenSSL successfully initialized (OpenSSL 1.0.2e 3 Dec 2015)
31-Mar-2016 08:54:34.961 INFO [main] org.apache.coyote.AbstractProtocol.init Initializing ProtocolHandler ["http-apr-8080"]
31-Mar-2016 08:54:34.988 INFO [main] org.apache.coyote.AbstractProtocol.init Initializing ProtocolHandler ["ajp-apr-8009"]
31-Mar-2016 08:54:34.991 INFO [main] org.apache.catalina.startup.Catalina.load Initialization processed in 2195 ms
31-Mar-2016 08:54:35.047 INFO [main] org.apache.catalina.core.StandardService.startInternal Starting service Catalina
31-Mar-2016 08:54:35.048 INFO [main] org.apache.catalina.core.StandardEngine.startInternal Starting Servlet Engine: Apache Tomcat/8.0.32
31-Mar-2016 08:54:35.068 INFO [localhost-startStop-1] org.apache.catalina.startup.HostConfig.deployDirectory Deploying web application directory G:\apache\apache-tomcat-8.0.32\webapps\docs
31-Mar-2016 08:54:35.731 INFO [localhost-startStop-1] org.apache.catalina.util.SessionIdGeneratorBase.createSecureRandom Creation of SecureRandom instance for session ID generation using [SHA1PRNG] took [102] milliseconds.
31-Mar-2016 08:54:35.780 INFO [localhost-startStop-1] org.apache.catalina.startup.HostConfig.deployDirectory Deployment of web application directory G:\apache\apache-tomcat-8.0.32\webapps\docs has finished in 711 ms
31-Mar-2016 08:54:35.780 INFO [localhost-startStop-1] org.apache.catalina.startup.HostConfig.deployDirectory Deploying web application directory G:\apache\apache-tomcat-8.0.32\webapps\examples
31-Mar-2016 08:54:36.866 INFO [localhost-startStop-1] org.apache.catalina.startup.HostConfig.deployDirectory Deployment of web application directory G:\apache\apache-tomcat-8.0.32\webapps\examples has finished in 1,086 ms
31-Mar-2016 08:54:36.867 INFO [localhost-startStop-1] org.apache.catalina.startup.HostConfig.deployDirectory Deploying web application directory G:\apache\apache-tomcat-8.0.32\webapps\host-manager
31-Mar-2016 08:54:36.911 INFO [localhost-startStop-1] org.apache.catalina.startup.HostConfig.deployDirectory Deployment of web application directory G:\apache\apache-tomcat-8.0.32\webapps\host-manager has finished in 44 ms
31-Mar-2016 08:54:36.913 INFO [localhost-startStop-1] org.apache.catalina.startup.HostConfig.deployDirectory Deploying web application directory G:\apache\apache-tomcat-8.0.32\webapps\manager
31-Mar-2016 08:54:36.981 INFO [localhost-startStop-1] org.apache.catalina.startup.HostConfig.deployDirectory Deployment of web application directory G:\apache\apache-tomcat-8.0.32\webapps\manager has finished in 69 ms
31-Mar-2016 08:54:36.984 INFO [localhost-startStop-1] org.apache.catalina.startup.HostConfig.deployDirectory Deploying web application directory G:\apache\apache-tomcat-8.0.32\webapps\ROOT
31-Mar-2016 08:54:37.017 INFO [localhost-startStop-1] org.apache.catalina.startup.HostConfig.deployDirectory Deployment of web application directory G:\apache\apache-tomcat-8.0.32\webapps\ROOT has finished in 33 ms
31-Mar-2016 08:54:37.026 INFO [main] org.apache.coyote.AbstractProtocol.start Starting ProtocolHandler ["http-apr-8080"]
31-Mar-2016 08:54:37.045 INFO [main] org.apache.coyote.AbstractProtocol.start Starting ProtocolHandler ["ajp-apr-8009"]
31-Mar-2016 08:54:37.052 INFO [main] org.apache.catalina.startup.Catalina.start Server startup in 2060 ms
31-Mar-2016 08:54:50.174 SEVERE [main] org.apache.catalina.startup.Catalina.stopServer Could not contact localhost:8005. Tomcat may not be running.
31-Mar-2016 08:54:50.174 SEVERE [main] org.apache.catalina.startup.Catalina.stopServer Catalina.stop: 
 java.net.ConnectException: Connection refused: connect
	at java.net.DualStackPlainSocketImpl.connect0(Native Method)
	at java.net.DualStackPlainSocketImpl.socketConnect(DualStackPlainSocketImpl.java:79)
	at java.net.AbstractPlainSocketImpl.doConnect(AbstractPlainSocketImpl.java:350)
	at java.net.AbstractPlainSocketImpl.connectToAddress(AbstractPlainSocketImpl.java:206)
	at java.net.AbstractPlainSocketImpl.connect(AbstractPlainSocketImpl.java:188)
	at java.net.PlainSocketImpl.connect(PlainSocketImpl.java:172)
	at java.net.SocksSocketImpl.connect(SocksSocketImpl.java:392)
	at java.net.Socket.connect(Socket.java:589)
	at java.net.Socket.connect(Socket.java:538)
	at java.net.Socket.<init>(Socket.java:434)
	at java.net.Socket.<init>(Socket.java:211)
	at org.apache.catalina.startup.Catalina.stopServer(Catalina.java:450)
	at sun.reflect.NativeMethodAccessorImpl.invoke0(Native Method)
	at sun.reflect.NativeMethodAccessorImpl.invoke(NativeMethodAccessorImpl.java:62)
	at sun.reflect.DelegatingMethodAccessorImpl.invoke(DelegatingMethodAccessorImpl.java:43)
	at java.lang.reflect.Method.invoke(Method.java:498)
	at org.apache.catalina.startup.Bootstrap.stopServer(Bootstrap.java:400)
	at org.apache.catalina.startup.Bootstrap.main(Bootstrap.java:487)

